*** Starting uWSGI 2.0.11.2 (64bit) on [Thu Jan 28 19:20:32 2016] ***
compiled with version: 4.8.2 on 06 December 2015 10:28:08
os: Linux-3.13.0-32-generic #57-Ubuntu SMP Tue Jul 15 03:51:08 UTC 2014
nodename: iZ28zgwg61iZ
machine: x86_64
clock source: unix
detected number of CPU cores: 1
current working directory: /root/git-lib/Questionnaire/templates
detected binary path: /usr/local/bin/uwsgi
!!! no internal routing support, rebuild with pcre support !!!
uWSGI running as root, you can use --uid/--gid/--chroot options
*** WARNING: you are running uWSGI as root !!! (use the --uid flag) *** 
chdir() to /root/git-lib/Questionnaire
*** WARNING: you are running uWSGI without its master process manager ***
your processes number limit is 7770
your memory page size is 4096 bytes
detected max file descriptor number: 65535
lock engine: pthread robust mutexes
thunder lock: disabled (you can enable it with --thunder-lock)
uwsgi socket 0 bound to TCP address 127.0.0.1:8077 fd 3
Python version: 2.7.6 (default, Mar 22 2014, 23:03:41)  [GCC 4.8.2]
*** Python threads support is disabled. You can enable it with --enable-threads ***
Python main interpreter initialized at 0x102e9f0
your server socket listen backlog is limited to 100 connections
your mercy for graceful operations on workers is 60 seconds
mapped 145520 bytes (142 KB) for 2 cores
*** Operational MODE: preforking ***
WSGI app 0 (mountpoint='') ready in 0 seconds on interpreter 0x102e9f0 pid: 32465 (default app)
*** uWSGI is running in multiple interpreter mode ***
spawned uWSGI worker 1 (pid: 32465, cores: 1)
spawned uWSGI worker 2 (pid: 32468, cores: 1)
[pid: 32465|app: 0|req: 1/1] 171.221.114.138 () {42 vars in 822 bytes} [Thu Jan 28 19:20:51 2016] GET / => generated 218284 bytes in 43 msecs (HTTP/1.1 200) 2 headers in 88 bytes (1 switches on core 0)
[pid: 32468|app: 0|req: 1/2] 171.221.114.138 () {44 vars in 875 bytes} [Thu Jan 28 19:20:53 2016] GET /select/ => generated 1506 bytes in 40 msecs (HTTP/1.1 200) 2 headers in 88 bytes (1 switches on core 0)
[pid: 32465|app: 0|req: 2/3] 171.221.114.138 () {44 vars in 904 bytes} [Thu Jan 28 19:20:54 2016] GET /select/template_1/ => generated 82638 bytes in 3 msecs (HTTP/1.1 200) 2 headers in 88 bytes (1 switches on core 0)
[pid: 32468|app: 0|req: 2/4] 171.221.114.138 () {44 vars in 925 bytes} [Thu Jan 28 19:20:56 2016] GET /select/template_1/edit/ => generated 22872 bytes in 2 msecs (HTTP/1.1 200) 2 headers in 88 bytes (1 switches on core 0)
Forbidden (CSRF cookie not set.): /select/template_1/view/
[pid: 32465|app: 0|req: 3/5] 171.221.114.138 () {50 vars in 1043 bytes} [Thu Jan 28 19:21:03 2016] POST /select/template_1/view/ => generated 2629 bytes in 6 msecs (HTTP/1.1 403) 2 headers in 80 bytes (1 switches on core 0)
