*** Starting uWSGI 2.0.11.2 (64bit) on [Sun Dec  6 10:06:46 2015] ***
compiled with version: 4.8.2 on 06 December 2015 09:27:33
os: Linux-3.13.0-32-generic #57-Ubuntu SMP Tue Jul 15 03:51:08 UTC 2014
nodename: iZ28zgwg61iZ
machine: x86_64
clock source: unix
detected number of CPU cores: 1
current working directory: /root/git-lib/Questionnaire
detected binary path: /usr/local/bin/uwsgi
!!! no internal routing support, rebuild with pcre support !!!
uWSGI running as root, you can use --uid/--gid/--chroot options
*** WARNING: you are running uWSGI as root !!! (use the --uid flag) *** 
chdir() to /root/git-lib/Questionnaire
*** WARNING: you are running uWSGI without its master process manager ***
your processes number limit is 7770
your memory page size is 4096 bytes
detected max file descriptor number: 65535
lock engine: pthread robust mutexes
thunder lock: disabled (you can enable it with --thunder-lock)
uwsgi socket 0 bound to TCP address :8077 fd 3
Python version: 2.7.6 (default, Mar 22 2014, 23:03:41)  [GCC 4.8.2]
*** Python threads support is disabled. You can enable it with --enable-threads ***
Python main interpreter initialized at 0x2306260
your server socket listen backlog is limited to 100 connections
your mercy for graceful operations on workers is 60 seconds
mapped 291040 bytes (284 KB) for 4 cores
*** Operational MODE: preforking ***
WSGI app 0 (mountpoint='') ready in 0 seconds on interpreter 0x2306260 pid: 5481 (default app)
*** uWSGI is running in multiple interpreter mode ***
spawned uWSGI worker 1 (pid: 5481, cores: 1)
spawned uWSGI worker 2 (pid: 5484, cores: 1)
spawned uWSGI worker 3 (pid: 5485, cores: 1)
spawned uWSGI worker 4 (pid: 5486, cores: 1)
invalid request block size: 21573 (max 4096)...skip
invalid request block size: 21573 (max 4096)...skip
invalid request block size: 21573 (max 4096)...skip
invalid request block size: 21573 (max 4096)...skip
invalid request block size: 21573 (max 4096)...skip
invalid request block size: 21573 (max 4096)...skip
*** Starting uWSGI 2.0.11.2 (64bit) on [Sun Dec  6 10:07:35 2015] ***
compiled with version: 4.8.2 on 06 December 2015 09:27:33
os: Linux-3.13.0-32-generic #57-Ubuntu SMP Tue Jul 15 03:51:08 UTC 2014
nodename: iZ28zgwg61iZ
machine: x86_64
clock source: unix
detected number of CPU cores: 1
current working directory: /root/git-lib/Questionnaire
detected binary path: /usr/local/bin/uwsgi
!!! no internal routing support, rebuild with pcre support !!!
uWSGI running as root, you can use --uid/--gid/--chroot options
*** WARNING: you are running uWSGI as root !!! (use the --uid flag) *** 
chdir() to /root/git-lib/Questionnaire
*** WARNING: you are running uWSGI without its master process manager ***
your processes number limit is 7770
your memory page size is 4096 bytes
detected max file descriptor number: 65535
lock engine: pthread robust mutexes
thunder lock: disabled (you can enable it with --thunder-lock)
probably another instance of uWSGI is running on the same address (0.0.0.0:8077).
bind(): Address already in use [core/socket.c line 769]
invalid request block size: 21573 (max 4096)...skip
invalid request block size: 21573 (max 4096)...skip
invalid request block size: 21573 (max 4096)...skip
invalid request block size: 21573 (max 4096)...skip
invalid request block size: 21573 (max 4096)...skip
invalid request block size: 21573 (max 4096)...skip
invalid request block size: 21573 (max 4096)...skip
invalid request block size: 21573 (max 4096)...skip
invalid request block size: 21573 (max 4096)...skip
*** Starting uWSGI 2.0.11.2 (64bit) on [Sun Dec  6 10:08:44 2015] ***
compiled with version: 4.8.2 on 06 December 2015 09:27:33
os: Linux-3.13.0-32-generic #57-Ubuntu SMP Tue Jul 15 03:51:08 UTC 2014
nodename: iZ28zgwg61iZ
machine: x86_64
clock source: unix
detected number of CPU cores: 1
current working directory: /root/git-lib/Questionnaire
detected binary path: /usr/local/bin/uwsgi
!!! no internal routing support, rebuild with pcre support !!!
uWSGI running as root, you can use --uid/--gid/--chroot options
*** WARNING: you are running uWSGI as root !!! (use the --uid flag) *** 
chdir() to /root/git-lib/Questionnaire
*** WARNING: you are running uWSGI without its master process manager ***
your processes number limit is 7770
your memory page size is 4096 bytes
detected max file descriptor number: 65535
lock engine: pthread robust mutexes
thunder lock: disabled (you can enable it with --thunder-lock)
probably another instance of uWSGI is running on the same address (0.0.0.0:8077).
bind(): Address already in use [core/socket.c line 769]
invalid request block size: 21573 (max 4096)...skip
invalid request block size: 21573 (max 4096)...skip
invalid request block size: 21573 (max 4096)...skip
invalid request block size: 21573 (max 4096)...skip
invalid request block size: 21573 (max 4096)...skip
invalid request block size: 21573 (max 4096)...skip
*** Starting uWSGI 2.0.11.2 (64bit) on [Sun Dec  6 10:09:09 2015] ***
compiled with version: 4.8.2 on 06 December 2015 09:27:33
os: Linux-3.13.0-32-generic #57-Ubuntu SMP Tue Jul 15 03:51:08 UTC 2014
nodename: iZ28zgwg61iZ
machine: x86_64
clock source: unix
detected number of CPU cores: 1
current working directory: /root/git-lib/Questionnaire
detected binary path: /usr/local/bin/uwsgi
!!! no internal routing support, rebuild with pcre support !!!
uWSGI running as root, you can use --uid/--gid/--chroot options
*** WARNING: you are running uWSGI as root !!! (use the --uid flag) *** 
chdir() to /root/git-lib/Questionnaire
*** WARNING: you are running uWSGI without its master process manager ***
your processes number limit is 7770
your memory page size is 4096 bytes
detected max file descriptor number: 65535
lock engine: pthread robust mutexes
thunder lock: disabled (you can enable it with --thunder-lock)
uWSGI http bound on 0.0.0.0:8077 fd 4
spawned uWSGI http 1 (pid: 5515)
uwsgi socket 0 bound to TCP address 127.0.0.1:56574 (port auto-assigned) fd 3
Python version: 2.7.6 (default, Mar 22 2014, 23:03:41)  [GCC 4.8.2]
*** Python threads support is disabled. You can enable it with --enable-threads ***
Python main interpreter initialized at 0x25eb780
your server socket listen backlog is limited to 100 connections
your mercy for graceful operations on workers is 60 seconds
mapped 291040 bytes (284 KB) for 4 cores
*** Operational MODE: preforking ***
WSGI app 0 (mountpoint='') ready in 0 seconds on interpreter 0x25eb780 pid: 5514 (default app)
*** uWSGI is running in multiple interpreter mode ***
spawned uWSGI worker 1 (pid: 5514, cores: 1)
spawned uWSGI worker 2 (pid: 5518, cores: 1)
spawned uWSGI worker 3 (pid: 5519, cores: 1)
spawned uWSGI worker 4 (pid: 5520, cores: 1)
Traceback (most recent call last):
  File "/usr/local/lib/python2.7/dist-packages/django/core/handlers/wsgi.py", line 158, in __call__
    self.load_middleware()
  File "/usr/local/lib/python2.7/dist-packages/django/core/handlers/base.py", line 51, in load_middleware
    mw_class = import_string(middleware_path)
  File "/usr/local/lib/python2.7/dist-packages/django/utils/module_loading.py", line 20, in import_string
    module = import_module(module_path)
  File "/usr/lib/python2.7/importlib/__init__.py", line 37, in import_module
    __import__(name)
  File "/usr/local/lib/python2.7/dist-packages/django/contrib/auth/middleware.py", line 3, in <module>
    from django.contrib.auth.backends import RemoteUserBackend
  File "/usr/local/lib/python2.7/dist-packages/django/contrib/auth/backends.py", line 4, in <module>
    from django.contrib.auth.models import Permission
  File "/usr/local/lib/python2.7/dist-packages/django/contrib/auth/models.py", line 4, in <module>
    from django.contrib.auth.base_user import AbstractBaseUser, BaseUserManager
  File "/usr/local/lib/python2.7/dist-packages/django/contrib/auth/base_user.py", line 49, in <module>
    class AbstractBaseUser(models.Model):
  File "/usr/local/lib/python2.7/dist-packages/django/db/models/base.py", line 94, in __new__
    app_config = apps.get_containing_app_config(module)
  File "/usr/local/lib/python2.7/dist-packages/django/apps/registry.py", line 239, in get_containing_app_config
    self.check_apps_ready()
  File "/usr/local/lib/python2.7/dist-packages/django/apps/registry.py", line 124, in check_apps_ready
    raise AppRegistryNotReady("Apps aren't loaded yet.")
django.core.exceptions.AppRegistryNotReady: Apps aren't loaded yet.
[pid: 5514|app: 0|req: 1/1] 125.71.229.18 () {36 vars in 1273 bytes} [Sun Dec  6 10:09:15 2015] GET / => generated 0 bytes in 27 msecs (HTTP/1.1 500) 0 headers in 0 bytes (0 switches on core 0)
Traceback (most recent call last):
  File "/usr/local/lib/python2.7/dist-packages/django/core/handlers/wsgi.py", line 158, in __call__
    self.load_middleware()
  File "/usr/local/lib/python2.7/dist-packages/django/core/handlers/base.py", line 51, in load_middleware
    mw_class = import_string(middleware_path)
  File "/usr/local/lib/python2.7/dist-packages/django/utils/module_loading.py", line 20, in import_string
    module = import_module(module_path)
  File "/usr/lib/python2.7/importlib/__init__.py", line 37, in import_module
    __import__(name)
  File "/usr/local/lib/python2.7/dist-packages/django/contrib/auth/middleware.py", line 3, in <module>
    from django.contrib.auth.backends import RemoteUserBackend
  File "/usr/local/lib/python2.7/dist-packages/django/contrib/auth/backends.py", line 4, in <module>
    from django.contrib.auth.models import Permission
  File "/usr/local/lib/python2.7/dist-packages/django/contrib/auth/models.py", line 4, in <module>
    from django.contrib.auth.base_user import AbstractBaseUser, BaseUserManager
  File "/usr/local/lib/python2.7/dist-packages/django/contrib/auth/base_user.py", line 49, in <module>
    class AbstractBaseUser(models.Model):
  File "/usr/local/lib/python2.7/dist-packages/django/db/models/base.py", line 94, in __new__
    app_config = apps.get_containing_app_config(module)
  File "/usr/local/lib/python2.7/dist-packages/django/apps/registry.py", line 239, in get_containing_app_config
    self.check_apps_ready()
  File "/usr/local/lib/python2.7/dist-packages/django/apps/registry.py", line 124, in check_apps_ready
    raise AppRegistryNotReady("Apps aren't loaded yet.")
django.core.exceptions.AppRegistryNotReady: Apps aren't loaded yet.
[pid: 5520|app: 0|req: 1/2] 125.71.229.18 () {36 vars in 1273 bytes} [Sun Dec  6 10:09:15 2015] GET / => generated 0 bytes in 18 msecs (HTTP/1.1 500) 0 headers in 0 bytes (0 switches on core 0)
Traceback (most recent call last):
  File "/usr/local/lib/python2.7/dist-packages/django/core/handlers/wsgi.py", line 158, in __call__
    self.load_middleware()
  File "/usr/local/lib/python2.7/dist-packages/django/core/handlers/base.py", line 51, in load_middleware
    mw_class = import_string(middleware_path)
  File "/usr/local/lib/python2.7/dist-packages/django/utils/module_loading.py", line 20, in import_string
    module = import_module(module_path)
  File "/usr/lib/python2.7/importlib/__init__.py", line 37, in import_module
    __import__(name)
  File "/usr/local/lib/python2.7/dist-packages/django/contrib/auth/middleware.py", line 3, in <module>
    from django.contrib.auth.backends import RemoteUserBackend
  File "/usr/local/lib/python2.7/dist-packages/django/contrib/auth/backends.py", line 4, in <module>
    from django.contrib.auth.models import Permission
  File "/usr/local/lib/python2.7/dist-packages/django/contrib/auth/models.py", line 4, in <module>
    from django.contrib.auth.base_user import AbstractBaseUser, BaseUserManager
  File "/usr/local/lib/python2.7/dist-packages/django/contrib/auth/base_user.py", line 49, in <module>
    class AbstractBaseUser(models.Model):
  File "/usr/local/lib/python2.7/dist-packages/django/db/models/base.py", line 94, in __new__
    app_config = apps.get_containing_app_config(module)
  File "/usr/local/lib/python2.7/dist-packages/django/apps/registry.py", line 239, in get_containing_app_config
    self.check_apps_ready()
  File "/usr/local/lib/python2.7/dist-packages/django/apps/registry.py", line 124, in check_apps_ready
    raise AppRegistryNotReady("Apps aren't loaded yet.")
django.core.exceptions.AppRegistryNotReady: Apps aren't loaded yet.
[pid: 5518|app: 0|req: 1/3] 125.71.229.18 () {36 vars in 1273 bytes} [Sun Dec  6 10:09:15 2015] GET / => generated 0 bytes in 21 msecs (HTTP/1.1 500) 0 headers in 0 bytes (0 switches on core 0)
Traceback (most recent call last):
  File "/usr/local/lib/python2.7/dist-packages/django/core/handlers/wsgi.py", line 158, in __call__
    self.load_middleware()
  File "/usr/local/lib/python2.7/dist-packages/django/core/handlers/base.py", line 51, in load_middleware
    mw_class = import_string(middleware_path)
  File "/usr/local/lib/python2.7/dist-packages/django/utils/module_loading.py", line 20, in import_string
    module = import_module(module_path)
  File "/usr/lib/python2.7/importlib/__init__.py", line 37, in import_module
    __import__(name)
  File "/usr/local/lib/python2.7/dist-packages/django/contrib/auth/middleware.py", line 3, in <module>
    from django.contrib.auth.backends import RemoteUserBackend
  File "/usr/local/lib/python2.7/dist-packages/django/contrib/auth/backends.py", line 4, in <module>
    from django.contrib.auth.models import Permission
  File "/usr/local/lib/python2.7/dist-packages/django/contrib/auth/models.py", line 4, in <module>
    from django.contrib.auth.base_user import AbstractBaseUser, BaseUserManager
  File "/usr/local/lib/python2.7/dist-packages/django/contrib/auth/base_user.py", line 49, in <module>
    class AbstractBaseUser(models.Model):
  File "/usr/local/lib/python2.7/dist-packages/django/db/models/base.py", line 94, in __new__
    app_config = apps.get_containing_app_config(module)
  File "/usr/local/lib/python2.7/dist-packages/django/apps/registry.py", line 239, in get_containing_app_config
    self.check_apps_ready()
  File "/usr/local/lib/python2.7/dist-packages/django/apps/registry.py", line 124, in check_apps_ready
    raise AppRegistryNotReady("Apps aren't loaded yet.")
django.core.exceptions.AppRegistryNotReady: Apps aren't loaded yet.
[pid: 5520|app: 0|req: 2/4] 125.71.229.18 () {36 vars in 1273 bytes} [Sun Dec  6 10:10:47 2015] GET / => generated 0 bytes in 3 msecs (HTTP/1.1 500) 0 headers in 0 bytes (0 switches on core 0)
*** Starting uWSGI 2.0.11.2 (64bit) on [Sun Dec  6 10:13:14 2015] ***
compiled with version: 4.8.2 on 06 December 2015 09:27:33
os: Linux-3.13.0-32-generic #57-Ubuntu SMP Tue Jul 15 03:51:08 UTC 2014
nodename: iZ28zgwg61iZ
machine: x86_64
clock source: unix
detected number of CPU cores: 1
current working directory: /root/git-lib/Questionnaire
detected binary path: /usr/local/bin/uwsgi
!!! no internal routing support, rebuild with pcre support !!!
uWSGI running as root, you can use --uid/--gid/--chroot options
*** WARNING: you are running uWSGI as root !!! (use the --uid flag) *** 
chdir() to /root/git-lib/Questionnaire
*** WARNING: you are running uWSGI without its master process manager ***
your processes number limit is 7770
your memory page size is 4096 bytes
detected max file descriptor number: 65535
lock engine: pthread robust mutexes
thunder lock: disabled (you can enable it with --thunder-lock)
probably another instance of uWSGI is running on the same address (0.0.0.0:8077).
bind(): Address already in use [core/socket.c line 769]
Traceback (most recent call last):
  File "/usr/local/lib/python2.7/dist-packages/django/core/handlers/wsgi.py", line 158, in __call__
    self.load_middleware()
  File "/usr/local/lib/python2.7/dist-packages/django/core/handlers/base.py", line 51, in load_middleware
    mw_class = import_string(middleware_path)
  File "/usr/local/lib/python2.7/dist-packages/django/utils/module_loading.py", line 20, in import_string
    module = import_module(module_path)
  File "/usr/lib/python2.7/importlib/__init__.py", line 37, in import_module
    __import__(name)
  File "/usr/local/lib/python2.7/dist-packages/django/contrib/auth/middleware.py", line 3, in <module>
    from django.contrib.auth.backends import RemoteUserBackend
  File "/usr/local/lib/python2.7/dist-packages/django/contrib/auth/backends.py", line 4, in <module>
    from django.contrib.auth.models import Permission
  File "/usr/local/lib/python2.7/dist-packages/django/contrib/auth/models.py", line 4, in <module>
    from django.contrib.auth.base_user import AbstractBaseUser, BaseUserManager
  File "/usr/local/lib/python2.7/dist-packages/django/contrib/auth/base_user.py", line 49, in <module>
    class AbstractBaseUser(models.Model):
  File "/usr/local/lib/python2.7/dist-packages/django/db/models/base.py", line 94, in __new__
    app_config = apps.get_containing_app_config(module)
  File "/usr/local/lib/python2.7/dist-packages/django/apps/registry.py", line 239, in get_containing_app_config
    self.check_apps_ready()
  File "/usr/local/lib/python2.7/dist-packages/django/apps/registry.py", line 124, in check_apps_ready
    raise AppRegistryNotReady("Apps aren't loaded yet.")
django.core.exceptions.AppRegistryNotReady: Apps aren't loaded yet.
[pid: 5519|app: 0|req: 1/5] 125.71.229.18 () {36 vars in 1273 bytes} [Sun Dec  6 10:13:33 2015] GET / => generated 0 bytes in 15 msecs (HTTP/1.1 500) 0 headers in 0 bytes (0 switches on core 0)
Traceback (most recent call last):
  File "/usr/local/lib/python2.7/dist-packages/django/core/handlers/wsgi.py", line 158, in __call__
    self.load_middleware()
  File "/usr/local/lib/python2.7/dist-packages/django/core/handlers/base.py", line 51, in load_middleware
    mw_class = import_string(middleware_path)
  File "/usr/local/lib/python2.7/dist-packages/django/utils/module_loading.py", line 20, in import_string
    module = import_module(module_path)
  File "/usr/lib/python2.7/importlib/__init__.py", line 37, in import_module
    __import__(name)
  File "/usr/local/lib/python2.7/dist-packages/django/contrib/auth/middleware.py", line 3, in <module>
    from django.contrib.auth.backends import RemoteUserBackend
  File "/usr/local/lib/python2.7/dist-packages/django/contrib/auth/backends.py", line 4, in <module>
    from django.contrib.auth.models import Permission
  File "/usr/local/lib/python2.7/dist-packages/django/contrib/auth/models.py", line 4, in <module>
    from django.contrib.auth.base_user import AbstractBaseUser, BaseUserManager
  File "/usr/local/lib/python2.7/dist-packages/django/contrib/auth/base_user.py", line 49, in <module>
    class AbstractBaseUser(models.Model):
  File "/usr/local/lib/python2.7/dist-packages/django/db/models/base.py", line 94, in __new__
    app_config = apps.get_containing_app_config(module)
  File "/usr/local/lib/python2.7/dist-packages/django/apps/registry.py", line 239, in get_containing_app_config
    self.check_apps_ready()
  File "/usr/local/lib/python2.7/dist-packages/django/apps/registry.py", line 124, in check_apps_ready
    raise AppRegistryNotReady("Apps aren't loaded yet.")
django.core.exceptions.AppRegistryNotReady: Apps aren't loaded yet.
[pid: 5520|app: 0|req: 3/6] 125.71.229.18 () {36 vars in 1272 bytes} [Sun Dec  6 10:13:33 2015] GET / => generated 0 bytes in 2 msecs (HTTP/1.1 500) 0 headers in 0 bytes (0 switches on core 0)
Traceback (most recent call last):
  File "/usr/local/lib/python2.7/dist-packages/django/core/handlers/wsgi.py", line 158, in __call__
    self.load_middleware()
  File "/usr/local/lib/python2.7/dist-packages/django/core/handlers/base.py", line 51, in load_middleware
    mw_class = import_string(middleware_path)
  File "/usr/local/lib/python2.7/dist-packages/django/utils/module_loading.py", line 20, in import_string
    module = import_module(module_path)
  File "/usr/lib/python2.7/importlib/__init__.py", line 37, in import_module
    __import__(name)
  File "/usr/local/lib/python2.7/dist-packages/django/contrib/auth/middleware.py", line 3, in <module>
    from django.contrib.auth.backends import RemoteUserBackend
  File "/usr/local/lib/python2.7/dist-packages/django/contrib/auth/backends.py", line 4, in <module>
    from django.contrib.auth.models import Permission
  File "/usr/local/lib/python2.7/dist-packages/django/contrib/auth/models.py", line 4, in <module>
    from django.contrib.auth.base_user import AbstractBaseUser, BaseUserManager
  File "/usr/local/lib/python2.7/dist-packages/django/contrib/auth/base_user.py", line 49, in <module>
    class AbstractBaseUser(models.Model):
  File "/usr/local/lib/python2.7/dist-packages/django/db/models/base.py", line 94, in __new__
    app_config = apps.get_containing_app_config(module)
  File "/usr/local/lib/python2.7/dist-packages/django/apps/registry.py", line 239, in get_containing_app_config
    self.check_apps_ready()
  File "/usr/local/lib/python2.7/dist-packages/django/apps/registry.py", line 124, in check_apps_ready
    raise AppRegistryNotReady("Apps aren't loaded yet.")
django.core.exceptions.AppRegistryNotReady: Apps aren't loaded yet.
[pid: 5514|app: 0|req: 2/7] 125.71.229.18 () {36 vars in 1273 bytes} [Sun Dec  6 10:13:33 2015] GET / => generated 0 bytes in 3 msecs (HTTP/1.1 500) 0 headers in 0 bytes (0 switches on core 0)
*** Starting uWSGI 2.0.11.2 (64bit) on [Sun Dec  6 10:44:21 2015] ***
compiled with version: 4.8.2 on 06 December 2015 10:28:08
os: Linux-3.13.0-32-generic #57-Ubuntu SMP Tue Jul 15 03:51:08 UTC 2014
nodename: iZ28zgwg61iZ
machine: x86_64
clock source: unix
detected number of CPU cores: 1
current working directory: /root/git-lib/Questionnaire
detected binary path: /usr/local/bin/uwsgi
!!! no internal routing support, rebuild with pcre support !!!
uWSGI running as root, you can use --uid/--gid/--chroot options
*** WARNING: you are running uWSGI as root !!! (use the --uid flag) *** 
chdir() to /root/git-lib/Questionnaire
*** WARNING: you are running uWSGI without its master process manager ***
your processes number limit is 7770
your memory page size is 4096 bytes
detected max file descriptor number: 65535
lock engine: pthread robust mutexes
thunder lock: disabled (you can enable it with --thunder-lock)
uWSGI http bound on 0.0.0.0:8080 fd 4
spawned uWSGI http 1 (pid: 6385)
uwsgi socket 0 bound to TCP address 127.0.0.1:40632 (port auto-assigned) fd 3
Python version: 2.7.6 (default, Mar 22 2014, 23:03:41)  [GCC 4.8.2]
*** Python threads support is disabled. You can enable it with --enable-threads ***
Python main interpreter initialized at 0x7a9b00
your server socket listen backlog is limited to 100 connections
your mercy for graceful operations on workers is 60 seconds
mapped 145520 bytes (142 KB) for 2 cores
*** Operational MODE: preforking ***
WSGI app 0 (mountpoint='') ready in 1 seconds on interpreter 0x7a9b00 pid: 6384 (default app)
*** uWSGI is running in multiple interpreter mode ***
spawned uWSGI worker 1 (pid: 6384, cores: 1)
spawned uWSGI worker 2 (pid: 6388, cores: 1)
[pid: 6384|app: 0|req: 1/1] 125.71.229.18 () {36 vars in 1339 bytes} [Sun Dec  6 10:44:34 2015] GET /naire/home/ => generated 4099 bytes in 32 msecs (HTTP/1.1 200) 2 headers in 88 bytes (1 switches on core 0)
Not Found: /static/admin/css/index.css
[pid: 6384|app: 0|req: 2/2] 125.71.229.18 () {40 vars in 1433 bytes} [Sun Dec  6 10:44:34 2015] GET /static/admin/css/index.css => generated 2100 bytes in 10 msecs (HTTP/1.1 404) 2 headers in 80 bytes (1 switches on core 0)
Not Found: /static/admin/js/jquery.js
[pid: 6384|app: 0|req: 3/3] 125.71.229.18 () {40 vars in 1416 bytes} [Sun Dec  6 10:44:34 2015] GET /static/admin/js/jquery.js => generated 2097 bytes in 6 msecs (HTTP/1.1 404) 2 headers in 80 bytes (1 switches on core 0)
Not Found: /static/admin/css/public.css
Not Found: /static/admin/css/bootstrap.min.css
[pid: 6384|app: 0|req: 4/4] 125.71.229.18 () {40 vars in 1435 bytes} [Sun Dec  6 10:44:34 2015] GET /static/admin/css/public.css => generated 2103 bytes in 9 msecs (HTTP/1.1 404) 2 headers in 80 bytes (1 switches on core 0)
Not Found: /static/admin/js/bootstrap.min.js
[pid: 6384|app: 0|req: 5/5] 125.71.229.18 () {40 vars in 1430 bytes} [Sun Dec  6 10:44:34 2015] GET /static/admin/js/bootstrap.min.js => generated 2118 bytes in 8 msecs (HTTP/1.1 404) 2 headers in 80 bytes (1 switches on core 0)
Not Found: /static/admin/css/home.css
[pid: 6388|app: 0|req: 1/6] 125.71.229.18 () {38 vars in 1394 bytes} [Sun Dec  6 10:44:34 2015] GET /static/admin/css/bootstrap.min.css => generated 2124 bytes in 53 msecs (HTTP/1.1 404) 2 headers in 80 bytes (1 switches on core 0)
[pid: 6384|app: 0|req: 6/7] 125.71.229.18 () {40 vars in 1431 bytes} [Sun Dec  6 10:44:34 2015] GET /static/admin/css/home.css => generated 2097 bytes in 4 msecs (HTTP/1.1 404) 2 headers in 80 bytes (1 switches on core 0)
Not Found: /static/admin/img/wj4.jpg
[pid: 6388|app: 0|req: 2/8] 125.71.229.18 () {40 vars in 1414 bytes} [Sun Dec  6 10:44:34 2015] GET /static/admin/img/wj4.jpg => generated 2094 bytes in 5 msecs (HTTP/1.1 404) 2 headers in 80 bytes (1 switches on core 0)
Not Found: /static/admin/img/wj1.jpg
Not Found: /static/admin/img/wj_bg.jpg
[pid: 6384|app: 0|req: 7/9] 125.71.229.18 () {40 vars in 1414 bytes} [Sun Dec  6 10:44:34 2015] GET /static/admin/img/wj1.jpg => generated 2094 bytes in 9 msecs (HTTP/1.1 404) 2 headers in 80 bytes (1 switches on core 0)
Not Found: /static/admin/img/wj3.jpg
[pid: 6388|app: 0|req: 3/10] 125.71.229.18 () {38 vars in 1363 bytes} [Sun Dec  6 10:44:34 2015] GET /static/admin/img/wj_bg.jpg => generated 2100 bytes in 8 msecs (HTTP/1.1 404) 2 headers in 80 bytes (1 switches on core 0)
Not Found: /static/admin/img/wj_ban.jpg
[pid: 6384|app: 0|req: 8/11] 125.71.229.18 () {40 vars in 1414 bytes} [Sun Dec  6 10:44:34 2015] GET /static/admin/img/wj3.jpg => generated 2094 bytes in 7 msecs (HTTP/1.1 404) 2 headers in 80 bytes (1 switches on core 0)
Not Found: /static/admin/img/wenjuan-1.png
[pid: 6388|app: 0|req: 4/12] 125.71.229.18 () {40 vars in 1420 bytes} [Sun Dec  6 10:44:34 2015] GET /static/admin/img/wj_ban.jpg => generated 2103 bytes in 7 msecs (HTTP/1.1 404) 2 headers in 80 bytes (1 switches on core 0)
[pid: 6384|app: 0|req: 9/13] 125.71.229.18 () {40 vars in 1426 bytes} [Sun Dec  6 10:44:34 2015] GET /static/admin/img/wenjuan-1.png => generated 2112 bytes in 4 msecs (HTTP/1.1 404) 2 headers in 80 bytes (1 switches on core 0)
Not Found: /static/admin/img/wj5.jpg
Not Found: /static/admin/img/logo_tc.png
[pid: 6388|app: 0|req: 5/14] 125.71.229.18 () {40 vars in 1414 bytes} [Sun Dec  6 10:44:34 2015] GET /static/admin/img/wj5.jpg => generated 2094 bytes in 9 msecs (HTTP/1.1 404) 2 headers in 80 bytes (1 switches on core 0)
[pid: 6384|app: 0|req: 10/15] 125.71.229.18 () {40 vars in 1422 bytes} [Sun Dec  6 10:44:34 2015] GET /static/admin/img/logo_tc.png => generated 2106 bytes in 7 msecs (HTTP/1.1 404) 2 headers in 80 bytes (1 switches on core 0)
*** Starting uWSGI 2.0.11.2 (64bit) on [Sun Dec  6 10:46:04 2015] ***
compiled with version: 4.8.2 on 06 December 2015 10:28:08
os: Linux-3.13.0-32-generic #57-Ubuntu SMP Tue Jul 15 03:51:08 UTC 2014
nodename: iZ28zgwg61iZ
machine: x86_64
clock source: unix
detected number of CPU cores: 1
current working directory: /root/git-lib/Questionnaire
detected binary path: /usr/local/bin/uwsgi
!!! no internal routing support, rebuild with pcre support !!!
uWSGI running as root, you can use --uid/--gid/--chroot options
*** WARNING: you are running uWSGI as root !!! (use the --uid flag) *** 
chdir() to /root/git-lib/Questionnaire
*** WARNING: you are running uWSGI without its master process manager ***
your processes number limit is 7770
your memory page size is 4096 bytes
detected max file descriptor number: 65535
lock engine: pthread robust mutexes
thunder lock: disabled (you can enable it with --thunder-lock)
uWSGI http bound on 0.0.0.0:80 fd 4
spawned uWSGI http 1 (pid: 6396)
uwsgi socket 0 bound to TCP address 127.0.0.1:43899 (port auto-assigned) fd 3
Python version: 2.7.6 (default, Mar 22 2014, 23:03:41)  [GCC 4.8.2]
*** Python threads support is disabled. You can enable it with --enable-threads ***
Python main interpreter initialized at 0x2657b00
your server socket listen backlog is limited to 100 connections
your mercy for graceful operations on workers is 60 seconds
mapped 145520 bytes (142 KB) for 2 cores
*** Operational MODE: preforking ***
WSGI app 0 (mountpoint='') ready in 1 seconds on interpreter 0x2657b00 pid: 6395 (default app)
*** uWSGI is running in multiple interpreter mode ***
spawned uWSGI worker 1 (pid: 6395, cores: 1)
spawned uWSGI worker 2 (pid: 6399, cores: 1)
Not Found: /
[pid: 6395|app: 0|req: 1/1] 125.71.229.18 () {36 vars in 1310 bytes} [Sun Dec  6 10:46:15 2015] GET / => generated 2017 bytes in 33 msecs (HTTP/1.1 404) 2 headers in 80 bytes (1 switches on core 0)
Not Found: /
[pid: 6399|app: 0|req: 1/2] 125.71.229.18 () {36 vars in 1310 bytes} [Sun Dec  6 10:46:19 2015] GET / => generated 2017 bytes in 34 msecs (HTTP/1.1 404) 2 headers in 80 bytes (1 switches on core 0)
[pid: 6395|app: 0|req: 2/3] 125.71.229.18 () {36 vars in 1332 bytes} [Sun Dec  6 10:46:19 2015] GET /naire/home/ => generated 4099 bytes in 5 msecs (HTTP/1.1 200) 2 headers in 88 bytes (1 switches on core 0)
Not Found: /static/admin/css/bootstrap.min.css
Not Found: /static/admin/js/bootstrap.min.js
[pid: 6399|app: 0|req: 2/4] 125.71.229.18 () {38 vars in 1382 bytes} [Sun Dec  6 10:46:19 2015] GET /static/admin/css/bootstrap.min.css => generated 2119 bytes in 11 msecs (HTTP/1.1 404) 2 headers in 80 bytes (1 switches on core 0)
Not Found: /static/admin/css/public.css
[pid: 6395|app: 0|req: 3/5] 125.71.229.18 () {38 vars in 1363 bytes} [Sun Dec  6 10:46:19 2015] GET /static/admin/js/bootstrap.min.js => generated 2113 bytes in 12 msecs (HTTP/1.1 404) 2 headers in 80 bytes (1 switches on core 0)
Not Found: /static/admin/css/index.css
[pid: 6399|app: 0|req: 3/6] 125.71.229.18 () {38 vars in 1368 bytes} [Sun Dec  6 10:46:19 2015] GET /static/admin/css/public.css => generated 2098 bytes in 7 msecs (HTTP/1.1 404) 2 headers in 80 bytes (1 switches on core 0)
Not Found: /static/admin/js/jquery.js
[pid: 6395|app: 0|req: 4/7] 125.71.229.18 () {38 vars in 1366 bytes} [Sun Dec  6 10:46:19 2015] GET /static/admin/css/index.css => generated 2095 bytes in 8 msecs (HTTP/1.1 404) 2 headers in 80 bytes (1 switches on core 0)
Not Found: /static/admin/css/home.css
[pid: 6399|app: 0|req: 4/8] 125.71.229.18 () {38 vars in 1349 bytes} [Sun Dec  6 10:46:19 2015] GET /static/admin/js/jquery.js => generated 2092 bytes in 10 msecs (HTTP/1.1 404) 2 headers in 80 bytes (1 switches on core 0)
[pid: 6395|app: 0|req: 5/9] 125.71.229.18 () {38 vars in 1364 bytes} [Sun Dec  6 10:46:19 2015] GET /static/admin/css/home.css => generated 2092 bytes in 6 msecs (HTTP/1.1 404) 2 headers in 80 bytes (1 switches on core 0)
Not Found: /static/admin/img/wj_bg.jpg
Not Found: /static/admin/img/wj3.jpg
[pid: 6399|app: 0|req: 5/10] 125.71.229.18 () {38 vars in 1351 bytes} [Sun Dec  6 10:46:19 2015] GET /static/admin/img/wj_bg.jpg => generated 2095 bytes in 10 msecs (HTTP/1.1 404) 2 headers in 80 bytes (1 switches on core 0)
Not Found: /static/admin/img/wj_ban.jpg
[pid: 6395|app: 0|req: 6/11] 125.71.229.18 () {38 vars in 1347 bytes} [Sun Dec  6 10:46:19 2015] GET /static/admin/img/wj3.jpg => generated 2089 bytes in 12 msecs (HTTP/1.1 404) 2 headers in 80 bytes (1 switches on core 0)
Not Found: /static/admin/img/wenjuan-1.png
[pid: 6399|app: 0|req: 6/12] 125.71.229.18 () {38 vars in 1353 bytes} [Sun Dec  6 10:46:19 2015] GET /static/admin/img/wj_ban.jpg => generated 2098 bytes in 8 msecs (HTTP/1.1 404) 2 headers in 80 bytes (1 switches on core 0)
Not Found: /static/admin/img/wj1.jpg
[pid: 6395|app: 0|req: 7/13] 125.71.229.18 () {38 vars in 1359 bytes} [Sun Dec  6 10:46:19 2015] GET /static/admin/img/wenjuan-1.png => generated 2107 bytes in 8 msecs (HTTP/1.1 404) 2 headers in 80 bytes (1 switches on core 0)
Not Found: /static/admin/img/wj4.jpg
[pid: 6399|app: 0|req: 7/14] 125.71.229.18 () {38 vars in 1347 bytes} [Sun Dec  6 10:46:19 2015] GET /static/admin/img/wj1.jpg => generated 2089 bytes in 7 msecs (HTTP/1.1 404) 2 headers in 80 bytes (1 switches on core 0)
[pid: 6395|app: 0|req: 8/15] 125.71.229.18 () {38 vars in 1347 bytes} [Sun Dec  6 10:46:19 2015] GET /static/admin/img/wj4.jpg => generated 2089 bytes in 4 msecs (HTTP/1.1 404) 2 headers in 80 bytes (1 switches on core 0)
Not Found: /naire/
[pid: 6399|app: 0|req: 8/16] 125.71.229.18 () {36 vars in 1322 bytes} [Sun Dec  6 10:46:19 2015] GET /naire/ => generated 2573 bytes in 6 msecs (HTTP/1.1 404) 2 headers in 80 bytes (1 switches on core 0)
[pid: 6395|app: 0|req: 9/17] 125.71.229.18 () {36 vars in 1332 bytes} [Sun Dec  6 10:46:20 2015] GET /naire/home/ => generated 4099 bytes in 4 msecs (HTTP/1.1 200) 2 headers in 88 bytes (1 switches on core 0)
Not Found: /static/admin/js/bootstrap.min.js
Not Found: /static/admin/css/home.css
[pid: 6399|app: 0|req: 9/18] 125.71.229.18 () {38 vars in 1363 bytes} [Sun Dec  6 10:46:20 2015] GET /static/admin/js/bootstrap.min.js => generated 2113 bytes in 13 msecs (HTTP/1.1 404) 2 headers in 80 bytes (1 switches on core 0)
Not Found: /static/admin/css/bootstrap.min.css
[pid: 6395|app: 0|req: 10/19] 125.71.229.18 () {38 vars in 1364 bytes} [Sun Dec  6 10:46:20 2015] GET /static/admin/css/home.css => generated 2092 bytes in 15 msecs (HTTP/1.1 404) 2 headers in 80 bytes (1 switches on core 0)
Not Found: /static/admin/css/public.css
[pid: 6399|app: 0|req: 10/20] 125.71.229.18 () {38 vars in 1382 bytes} [Sun Dec  6 10:46:20 2015] GET /static/admin/css/bootstrap.min.css => generated 2119 bytes in 8 msecs (HTTP/1.1 404) 2 headers in 80 bytes (1 switches on core 0)
Not Found: /static/admin/css/index.css
[pid: 6395|app: 0|req: 11/21] 125.71.229.18 () {38 vars in 1368 bytes} [Sun Dec  6 10:46:20 2015] GET /static/admin/css/public.css => generated 2098 bytes in 10 msecs (HTTP/1.1 404) 2 headers in 80 bytes (1 switches on core 0)
Not Found: /static/admin/js/jquery.js
[pid: 6399|app: 0|req: 11/22] 125.71.229.18 () {38 vars in 1366 bytes} [Sun Dec  6 10:46:20 2015] GET /static/admin/css/index.css => generated 2095 bytes in 10 msecs (HTTP/1.1 404) 2 headers in 80 bytes (1 switches on core 0)
[pid: 6395|app: 0|req: 12/23] 125.71.229.18 () {38 vars in 1349 bytes} [Sun Dec  6 10:46:20 2015] GET /static/admin/js/jquery.js => generated 2092 bytes in 4 msecs (HTTP/1.1 404) 2 headers in 80 bytes (1 switches on core 0)
Not Found: /static/admin/img/wj1.jpg
Not Found: /static/admin/img/wj_ban.jpg
[pid: 6399|app: 0|req: 12/24] 125.71.229.18 () {38 vars in 1347 bytes} [Sun Dec  6 10:46:20 2015] GET /static/admin/img/wj1.jpg => generated 2089 bytes in 10 msecs (HTTP/1.1 404) 2 headers in 80 bytes (1 switches on core 0)
Not Found: /static/admin/img/wj4.jpg
[pid: 6395|app: 0|req: 13/25] 125.71.229.18 () {38 vars in 1353 bytes} [Sun Dec  6 10:46:20 2015] GET /static/admin/img/wj_ban.jpg => generated 2098 bytes in 12 msecs (HTTP/1.1 404) 2 headers in 80 bytes (1 switches on core 0)
Not Found: /static/admin/img/wj_bg.jpg
[pid: 6399|app: 0|req: 13/26] 125.71.229.18 () {38 vars in 1347 bytes} [Sun Dec  6 10:46:20 2015] GET /static/admin/img/wj4.jpg => generated 2089 bytes in 11 msecs (HTTP/1.1 404) 2 headers in 80 bytes (1 switches on core 0)
Not Found: /static/admin/img/wenjuan-1.png
[pid: 6395|app: 0|req: 14/27] 125.71.229.18 () {38 vars in 1351 bytes} [Sun Dec  6 10:46:20 2015] GET /static/admin/img/wj_bg.jpg => generated 2095 bytes in 11 msecs (HTTP/1.1 404) 2 headers in 80 bytes (1 switches on core 0)
Not Found: /static/admin/img/wj3.jpg
[pid: 6399|app: 0|req: 14/28] 125.71.229.18 () {38 vars in 1359 bytes} [Sun Dec  6 10:46:20 2015] GET /static/admin/img/wenjuan-1.png => generated 2107 bytes in 8 msecs (HTTP/1.1 404) 2 headers in 80 bytes (1 switches on core 0)
[pid: 6395|app: 0|req: 15/29] 125.71.229.18 () {38 vars in 1347 bytes} [Sun Dec  6 10:46:20 2015] GET /static/admin/img/wj3.jpg => generated 2089 bytes in 6 msecs (HTTP/1.1 404) 2 headers in 80 bytes (1 switches on core 0)
Not Found: /static/admin/img/logo_tc.png
[pid: 6399|app: 0|req: 15/30] 125.71.229.18 () {38 vars in 1355 bytes} [Sun Dec  6 10:46:20 2015] GET /static/admin/img/logo_tc.png => generated 2101 bytes in 5 msecs (HTTP/1.1 404) 2 headers in 80 bytes (1 switches on core 0)
Not Found: /static/admin/img/wj5.jpg
[pid: 6395|app: 0|req: 16/31] 125.71.229.18 () {38 vars in 1347 bytes} [Sun Dec  6 10:46:21 2015] GET /static/admin/img/wj5.jpg => generated 2089 bytes in 5 msecs (HTTP/1.1 404) 2 headers in 80 bytes (1 switches on core 0)
[pid: 6399|app: 0|req: 16/32] 125.71.229.18 () {36 vars in 1332 bytes} [Sun Dec  6 10:46:21 2015] GET /naire/home/ => generated 4099 bytes in 5 msecs (HTTP/1.1 200) 2 headers in 88 bytes (1 switches on core 0)
Not Found: /static/admin/js/bootstrap.min.js
Not Found: /static/admin/css/bootstrap.min.css
[pid: 6395|app: 0|req: 17/33] 125.71.229.18 () {38 vars in 1363 bytes} [Sun Dec  6 10:46:21 2015] GET /static/admin/js/bootstrap.min.js => generated 2113 bytes in 9 msecs (HTTP/1.1 404) 2 headers in 80 bytes (1 switches on core 0)
Not Found: /static/admin/js/jquery.js
[pid: 6399|app: 0|req: 17/34] 125.71.229.18 () {38 vars in 1382 bytes} [Sun Dec  6 10:46:21 2015] GET /static/admin/css/bootstrap.min.css => generated 2119 bytes in 11 msecs (HTTP/1.1 404) 2 headers in 80 bytes (1 switches on core 0)
Not Found: /static/admin/css/index.css
[pid: 6395|app: 0|req: 18/35] 125.71.229.18 () {38 vars in 1349 bytes} [Sun Dec  6 10:46:21 2015] GET /static/admin/js/jquery.js => generated 2092 bytes in 11 msecs (HTTP/1.1 404) 2 headers in 80 bytes (1 switches on core 0)
Not Found: /static/admin/css/public.css
[pid: 6399|app: 0|req: 18/36] 125.71.229.18 () {38 vars in 1366 bytes} [Sun Dec  6 10:46:21 2015] GET /static/admin/css/index.css => generated 2095 bytes in 10 msecs (HTTP/1.1 404) 2 headers in 80 bytes (1 switches on core 0)
Not Found: /static/admin/css/home.css
[pid: 6395|app: 0|req: 19/37] 125.71.229.18 () {38 vars in 1368 bytes} [Sun Dec  6 10:46:21 2015] GET /static/admin/css/public.css => generated 2098 bytes in 11 msecs (HTTP/1.1 404) 2 headers in 80 bytes (1 switches on core 0)
[pid: 6399|app: 0|req: 19/38] 125.71.229.18 () {38 vars in 1364 bytes} [Sun Dec  6 10:46:21 2015] GET /static/admin/css/home.css => generated 2092 bytes in 5 msecs (HTTP/1.1 404) 2 headers in 80 bytes (1 switches on core 0)
Not Found: /static/admin/img/wj_bg.jpg
Not Found: /static/admin/img/wj_ban.jpg
[pid: 6395|app: 0|req: 20/39] 125.71.229.18 () {38 vars in 1351 bytes} [Sun Dec  6 10:46:21 2015] GET /static/admin/img/wj_bg.jpg => generated 2095 bytes in 9 msecs (HTTP/1.1 404) 2 headers in 80 bytes (1 switches on core 0)
Not Found: /static/admin/img/wj4.jpg
[pid: 6399|app: 0|req: 20/40] 125.71.229.18 () {38 vars in 1353 bytes} [Sun Dec  6 10:46:21 2015] GET /static/admin/img/wj_ban.jpg => generated 2098 bytes in 11 msecs (HTTP/1.1 404) 2 headers in 80 bytes (1 switches on core 0)
Not Found: /static/admin/img/wj3.jpg
[pid: 6395|app: 0|req: 21/41] 125.71.229.18 () {38 vars in 1347 bytes} [Sun Dec  6 10:46:21 2015] GET /static/admin/img/wj4.jpg => generated 2089 bytes in 8 msecs (HTTP/1.1 404) 2 headers in 80 bytes (1 switches on core 0)
Not Found: /static/admin/img/wj1.jpg
[pid: 6399|app: 0|req: 21/42] 125.71.229.18 () {38 vars in 1347 bytes} [Sun Dec  6 10:46:21 2015] GET /static/admin/img/wj3.jpg => generated 2089 bytes in 8 msecs (HTTP/1.1 404) 2 headers in 80 bytes (1 switches on core 0)
Not Found: /static/admin/img/wenjuan-1.png
[pid: 6395|app: 0|req: 22/43] 125.71.229.18 () {38 vars in 1347 bytes} [Sun Dec  6 10:46:21 2015] GET /static/admin/img/wj1.jpg => generated 2089 bytes in 10 msecs (HTTP/1.1 404) 2 headers in 80 bytes (1 switches on core 0)
[pid: 6399|app: 0|req: 22/44] 125.71.229.18 () {38 vars in 1359 bytes} [Sun Dec  6 10:46:21 2015] GET /static/admin/img/wenjuan-1.png => generated 2107 bytes in 4 msecs (HTTP/1.1 404) 2 headers in 80 bytes (1 switches on core 0)
Not Found: /static/admin/img/logo_tc.png
[pid: 6395|app: 0|req: 23/45] 125.71.229.18 () {38 vars in 1355 bytes} [Sun Dec  6 10:46:21 2015] GET /static/admin/img/logo_tc.png => generated 2101 bytes in 5 msecs (HTTP/1.1 404) 2 headers in 80 bytes (1 switches on core 0)
Not Found: /static/admin/img/wj5.jpg
[pid: 6399|app: 0|req: 23/46] 125.71.229.18 () {38 vars in 1347 bytes} [Sun Dec  6 10:46:21 2015] GET /static/admin/img/wj5.jpg => generated 2089 bytes in 4 msecs (HTTP/1.1 404) 2 headers in 80 bytes (1 switches on core 0)
[pid: 6395|app: 0|req: 24/47] 125.71.229.18 () {38 vars in 1385 bytes} [Sun Dec  6 10:46:25 2015] GET /naire/select/ => generated 5905 bytes in 4 msecs (HTTP/1.1 200) 2 headers in 88 bytes (1 switches on core 0)
Not Found: /static/admin/css/index.css
Not Found: /static/admin/js/bootstrap.min.js
[pid: 6399|app: 0|req: 24/48] 125.71.229.18 () {38 vars in 1368 bytes} [Sun Dec  6 10:46:25 2015] GET /static/admin/css/index.css => generated 2095 bytes in 8 msecs (HTTP/1.1 404) 2 headers in 80 bytes (1 switches on core 0)
Not Found: /static/admin/css/bootstrap.min.css
[pid: 6395|app: 0|req: 25/49] 125.71.229.18 () {38 vars in 1365 bytes} [Sun Dec  6 10:46:25 2015] GET /static/admin/js/bootstrap.min.js => generated 2113 bytes in 12 msecs (HTTP/1.1 404) 2 headers in 80 bytes (1 switches on core 0)
Not Found: /static/admin/js/jquery.js
[pid: 6399|app: 0|req: 25/50] 125.71.229.18 () {38 vars in 1384 bytes} [Sun Dec  6 10:46:25 2015] GET /static/admin/css/bootstrap.min.css => generated 2119 bytes in 10 msecs (HTTP/1.1 404) 2 headers in 80 bytes (1 switches on core 0)
Not Found: /static/admin/css/public.css
[pid: 6395|app: 0|req: 26/51] 125.71.229.18 () {38 vars in 1351 bytes} [Sun Dec  6 10:46:25 2015] GET /static/admin/js/jquery.js => generated 2092 bytes in 8 msecs (HTTP/1.1 404) 2 headers in 80 bytes (1 switches on core 0)
Not Found: /static/admin/css/home.css
[pid: 6399|app: 0|req: 26/52] 125.71.229.18 () {38 vars in 1370 bytes} [Sun Dec  6 10:46:25 2015] GET /static/admin/css/public.css => generated 2098 bytes in 8 msecs (HTTP/1.1 404) 2 headers in 80 bytes (1 switches on core 0)
[pid: 6395|app: 0|req: 27/53] 125.71.229.18 () {38 vars in 1366 bytes} [Sun Dec  6 10:46:25 2015] GET /static/admin/css/home.css => generated 2092 bytes in 5 msecs (HTTP/1.1 404) 2 headers in 80 bytes (1 switches on core 0)
Not Found: /static/admin/img/topic.jpg
[pid: 6399|app: 0|req: 27/54] 125.71.229.18 () {38 vars in 1353 bytes} [Sun Dec  6 10:46:25 2015] GET /static/admin/img/topic.jpg => generated 2095 bytes in 5 msecs (HTTP/1.1 404) 2 headers in 80 bytes (1 switches on core 0)
