*** Starting uWSGI 2.0.11.2 (64bit) on [Tue Dec 22 23:53:58 2015] ***
compiled with version: 4.8.2 on 06 December 2015 10:28:08
os: Linux-3.13.0-32-generic #57-Ubuntu SMP Tue Jul 15 03:51:08 UTC 2014
nodename: iZ28zgwg61iZ
machine: x86_64
clock source: unix
detected number of CPU cores: 1
current working directory: /root/git-lib/Questionnaire/Questionnaire
detected binary path: /usr/local/bin/uwsgi
!!! no internal routing support, rebuild with pcre support !!!
uWSGI running as root, you can use --uid/--gid/--chroot options
*** WARNING: you are running uWSGI as root !!! (use the --uid flag) *** 
chdir() to /root/git-lib/Questionnaire
*** WARNING: you are running uWSGI without its master process manager ***
your processes number limit is 7770
your memory page size is 4096 bytes
detected max file descriptor number: 65535
lock engine: pthread robust mutexes
thunder lock: disabled (you can enable it with --thunder-lock)
probably another instance of uWSGI is running on the same address (127.0.0.1:8077).
bind(): Address already in use [core/socket.c line 769]
*** Starting uWSGI 2.0.11.2 (64bit) on [Tue Dec 22 23:54:11 2015] ***
compiled with version: 4.8.2 on 06 December 2015 10:28:08
os: Linux-3.13.0-32-generic #57-Ubuntu SMP Tue Jul 15 03:51:08 UTC 2014
nodename: iZ28zgwg61iZ
machine: x86_64
clock source: unix
detected number of CPU cores: 1
current working directory: /root/git-lib/Questionnaire/Questionnaire
detected binary path: /usr/local/bin/uwsgi
!!! no internal routing support, rebuild with pcre support !!!
uWSGI running as root, you can use --uid/--gid/--chroot options
*** WARNING: you are running uWSGI as root !!! (use the --uid flag) *** 
chdir() to /root/git-lib/Questionnaire
*** WARNING: you are running uWSGI without its master process manager ***
your processes number limit is 7770
your memory page size is 4096 bytes
detected max file descriptor number: 65535
lock engine: pthread robust mutexes
thunder lock: disabled (you can enable it with --thunder-lock)
uwsgi socket 0 bound to TCP address 127.0.0.1:8077 fd 3
Python version: 2.7.6 (default, Mar 22 2014, 23:03:41)  [GCC 4.8.2]
*** Python threads support is disabled. You can enable it with --enable-threads ***
Python main interpreter initialized at 0xb179f0
your server socket listen backlog is limited to 100 connections
your mercy for graceful operations on workers is 60 seconds
mapped 145520 bytes (142 KB) for 2 cores
*** Operational MODE: preforking ***
WSGI app 0 (mountpoint='') ready in 0 seconds on interpreter 0xb179f0 pid: 26703 (default app)
*** uWSGI is running in multiple interpreter mode ***
spawned uWSGI worker 1 (pid: 26703, cores: 1)
spawned uWSGI worker 2 (pid: 26706, cores: 1)
Not Found: /
[pid: 26703|app: 0|req: 1/1] 117.176.140.248 () {40 vars in 682 bytes} [Tue Dec 22 23:54:31 2015] GET / => generated 2229 bytes in 23 msecs (HTTP/1.1 404) 2 headers in 80 bytes (1 switches on core 0)
Not Found: /
[pid: 26706|app: 0|req: 1/2] 117.176.140.248 () {40 vars in 682 bytes} [Tue Dec 22 23:54:35 2015] GET / => generated 2229 bytes in 20 msecs (HTTP/1.1 404) 2 headers in 80 bytes (1 switches on core 0)
Not Found: /
[pid: 26703|app: 0|req: 2/3] 117.176.140.248 () {40 vars in 682 bytes} [Tue Dec 22 23:54:35 2015] GET / => generated 2229 bytes in 4 msecs (HTTP/1.1 404) 2 headers in 80 bytes (1 switches on core 0)
*** Starting uWSGI 2.0.11.2 (64bit) on [Tue Dec 22 23:58:18 2015] ***
compiled with version: 4.8.2 on 06 December 2015 10:28:08
os: Linux-3.13.0-32-generic #57-Ubuntu SMP Tue Jul 15 03:51:08 UTC 2014
nodename: iZ28zgwg61iZ
machine: x86_64
clock source: unix
detected number of CPU cores: 1
current working directory: /root/git-lib/Questionnaire/Questionnaire
detected binary path: /usr/local/bin/uwsgi
!!! no internal routing support, rebuild with pcre support !!!
uWSGI running as root, you can use --uid/--gid/--chroot options
*** WARNING: you are running uWSGI as root !!! (use the --uid flag) *** 
chdir() to /root/git-lib/Questionnaire
*** WARNING: you are running uWSGI without its master process manager ***
your processes number limit is 7770
your memory page size is 4096 bytes
detected max file descriptor number: 65535
lock engine: pthread robust mutexes
thunder lock: disabled (you can enable it with --thunder-lock)
uwsgi socket 0 bound to TCP address 127.0.0.1:8077 fd 3
Python version: 2.7.6 (default, Mar 22 2014, 23:03:41)  [GCC 4.8.2]
*** Python threads support is disabled. You can enable it with --enable-threads ***
Python main interpreter initialized at 0x1af49e0
your server socket listen backlog is limited to 100 connections
your mercy for graceful operations on workers is 60 seconds
mapped 145520 bytes (142 KB) for 2 cores
*** Operational MODE: preforking ***
WSGI app 0 (mountpoint='') ready in 0 seconds on interpreter 0x1af49e0 pid: 26795 (default app)
*** uWSGI is running in multiple interpreter mode ***
spawned uWSGI worker 1 (pid: 26795, cores: 1)
spawned uWSGI worker 2 (pid: 26798, cores: 1)
[pid: 26795|app: 0|req: 1/1] 117.176.140.248 () {40 vars in 694 bytes} [Tue Dec 22 23:58:28 2015] GET /login/ => generated 118 bytes in 29 msecs (HTTP/1.1 200) 2 headers in 88 bytes (1 switches on core 0)
[pid: 26798|app: 0|req: 1/2] 117.176.140.248 () {40 vars in 690 bytes} [Tue Dec 22 23:58:31 2015] GET /log/ => generated 4099 bytes in 30 msecs (HTTP/1.1 200) 2 headers in 88 bytes (1 switches on core 0)
[pid: 26795|app: 0|req: 2/3] 117.176.140.248 () {40 vars in 682 bytes} [Tue Dec 22 23:58:32 2015] GET / => generated 4099 bytes in 5 msecs (HTTP/1.1 200) 2 headers in 88 bytes (1 switches on core 0)
[pid: 26798|app: 0|req: 2/4] 117.176.140.248 () {40 vars in 682 bytes} [Tue Dec 22 23:58:32 2015] GET / => generated 4099 bytes in 4 msecs (HTTP/1.1 200) 2 headers in 88 bytes (1 switches on core 0)
